<?xml version="1.0" encoding="UTF-8"?>
<robot generator="Robot 7.4.2 (Python 3.12.0 on win32)" generated="2026-04-14T12:51:43.377057" rpa="false" schemaversion="5">
<suite id="s1" name="Connect-Disconnect" source="C:\Users\tester\robot-tests\connect-disconnect.robot">
<kw name="Open Browser To Login Page" owner="keywords" type="SETUP">
<kw name="Set Environment Variable" owner="OperatingSystem">
<msg time="2026-04-14T12:51:43.588664" level="INFO">Environment variable 'NO_PROXY' set to value '127.0.0.1,localhost'.</msg>
<arg>NO_PROXY</arg>
<arg>127.0.0.1,localhost</arg>
<doc>Sets an environment variable to a specified value.</doc>
<status status="PASS" start="2026-04-14T12:51:43.588664" elapsed="0.000000"/>
</kw>
<kw name="Set Environment Variable" owner="OperatingSystem">
<msg time="2026-04-14T12:51:43.588664" level="INFO">Environment variable 'NODE_TLS_REJECT_UNAUTHORIZED' set to value '0'.</msg>
<arg>NODE_TLS_REJECT_UNAUTHORIZED</arg>
<arg>0</arg>
<doc>Sets an environment variable to a specified value.</doc>
<status status="PASS" start="2026-04-14T12:51:43.588664" elapsed="0.000000"/>
</kw>
<kw name="New Browser" owner="Browser">
<msg time="2026-04-14T12:51:43.588664" level="INFO">{"browser": "chromium", "headless": false, "args": ["--ignore-certificate-errors"], "chromiumSandbox": false, "devtools": false, "handleSIGHUP": true, "handleSIGINT": true, "handleSIGTERM": true, "slowMo": 2000.0, "timeout": 30000.0, "tracesDir": "C:\\Users\\tester\\robot-tests\\results\\loop_2\\browser\\traces\\temp\\0bee979b-06f9-4ddb-82e8-d7556f90b385"}</msg>
<msg time="2026-04-14T12:51:43.614075" level="INFO">Starting Browser process C:\Users\tester\robot-tests\.venv\Lib\site-packages\Browser\wrapper\index.js using at 127.0.0.1:55699</msg>
<msg time="2026-04-14T12:51:44.323917" level="INFO">Successfully created browser with options: {"browser":"chromium","headless":false,"args":["--ignore-certificate-errors"],"chromiumSandbox":false,"devtools":false,"handleSIGHUP":true,"handleSIGINT":true,"handleSIGTERM":true,"slowMo":2000,"timeout":30000,"tracesDir":"C:\\Users\\tester\\robot-tests\\results\\loop_2\\browser\\traces\\temp\\0bee979b-06f9-4ddb-82e8-d7556f90b385"}</msg>
<arg>${BROWSER}</arg>
<arg>headless=False</arg>
<arg>slowMo=2000ms</arg>
<arg>args=["--ignore-certificate-errors"]</arg>
<tag>BrowserControl</tag>
<tag>Setter</tag>
<doc>Create a new playwright Browser with specified options.</doc>
<status status="PASS" start="2026-04-14T12:51:43.588664" elapsed="0.735253"/>
</kw>
<kw name="New Context" owner="Browser">
<msg time="2026-04-14T12:51:44.327933" level="INFO">{
  "acceptDownloads": true,
  "bypassCSP": false,
  "forcedColors": "none",
  "ignoreHTTPSErrors": true,
  "javaScriptEnabled": true,
  "offline": false,
  "reducedMotion": "no-preference",
  "serviceWorkers": "allow",
  "viewport": {
    "width": 1280,
    "height": 720
  }
}</msg>
<msg time="2026-04-14T12:51:44.347842" level="INFO">Successfully created context. </msg>
<msg time="2026-04-14T12:51:44.347842" level="INFO">{'acceptDownloads': True, 'bypassCSP': False, 'forcedColors': 'none', 'ignoreHTTPSErrors': True, 'javaScriptEnabled': True, 'offline': False, 'reducedMotion': 'no-preference', 'serviceWorkers': 'allow', 'viewport': {'width': 1280, 'height': 720}}</msg>
<arg>ignoreHTTPSErrors=True</arg>
<tag>BrowserControl</tag>
<tag>Setter</tag>
<doc>Create a new BrowserContext with specified options.</doc>
<status status="PASS" start="2026-04-14T12:51:44.323917" elapsed="0.023925"/>
</kw>
<kw name="New Page" owner="Browser">
<msg time="2026-04-14T12:51:47.119088" level="INFO">Successfully initialized new page object and opened url: https://192.168.189.173/login</msg>
<arg>${LOGIN_URL}</arg>
<tag>BrowserControl</tag>
<tag>Setter</tag>
<doc>Open a new Page.</doc>
<status status="PASS" start="2026-04-14T12:51:44.347842" elapsed="2.771246"/>
</kw>
<kw name="Wait For Elements State" owner="Browser">
<msg time="2026-04-14T12:51:47.137355" level="INFO">Waited for Element with selector id=loginUsernameInput at state visible</msg>
<arg>${USERNAME_FIELD}</arg>
<arg>visible</arg>
<arg>timeout=10s</arg>
<tag>PageContent</tag>
<tag>Wait</tag>
<doc>Waits for the element found by ``selector`` to satisfy state option.</doc>
<status status="PASS" start="2026-04-14T12:51:47.120087" elapsed="0.017268"/>
</kw>
<status status="PASS" start="2026-04-14T12:51:43.588664" elapsed="3.548691"/>
</kw>
<test id="s1-t1" name="Connect And Disconnect All Sources" line="9">
<kw name="Navigate To Login Page" owner="keywords">
<kw name="Get Page Ids" owner="Browser">
<msg time="2026-04-14T12:51:47.173241" level="INFO">${pages} = ['page=6af9d45b-9505-49a5-8e4d-cb8af6526c75']</msg>
<var>${pages}</var>
<tag>Assertion</tag>
<tag>BrowserControl</tag>
<tag>Getter</tag>
<doc>Returns a list of page ids based on the context and browser selection.
See `Browser, Context and Page` for more information about Page and related concepts.</doc>
<status status="PASS" start="2026-04-14T12:51:47.154561" elapsed="0.018680"/>
</kw>
<kw name="Get Length" owner="BuiltIn">
<msg time="2026-04-14T12:51:47.174241" level="INFO">Length is 1.</msg>
<msg time="2026-04-14T12:51:47.175244" level="INFO">${count} = 1</msg>
<var>${count}</var>
<arg>${pages}</arg>
<doc>Returns and logs the length of the given item as an integer.</doc>
<status status="PASS" start="2026-04-14T12:51:47.173241" elapsed="0.002003"/>
</kw>
<if>
<branch type="IF" condition="${count} == 0">
<kw name="New Page" owner="Browser">
<arg>${LOGIN_URL}</arg>
<tag>BrowserControl</tag>
<tag>Setter</tag>
<doc>Open a new Page.</doc>
<status status="NOT RUN" start="2026-04-14T12:51:47.175244" elapsed="0.000000"/>
</kw>
<status status="NOT RUN" start="2026-04-14T12:51:47.175244" elapsed="0.000000"/>
</branch>
<branch type="ELSE">
<kw name="Go To" owner="Browser">
<msg time="2026-04-14T12:51:49.321427" level="INFO">Successfully opened URL https://192.168.189.173/login</msg>
<arg>${LOGIN_URL}</arg>
<tag>BrowserControl</tag>
<tag>Setter</tag>
<doc>Navigates to the given ``url``.</doc>
<status status="PASS" start="2026-04-14T12:51:47.176243" elapsed="2.145184"/>
</kw>
<status status="PASS" start="2026-04-14T12:51:47.175244" elapsed="2.147187"/>
</branch>
<status status="PASS" start="2026-04-14T12:51:47.175244" elapsed="2.147187"/>
</if>
<kw name="Wait For Elements State" owner="Browser">
<msg time="2026-04-14T12:51:49.335291" level="INFO">Waited for Element with selector id=loginUsernameInput at state visible</msg>
<arg>${USERNAME_FIELD}</arg>
<arg>visible</arg>
<arg>timeout=10s</arg>
<tag>PageContent</tag>
<tag>Wait</tag>
<doc>Waits for the element found by ``selector`` to satisfy state option.</doc>
<status status="PASS" start="2026-04-14T12:51:49.322431" elapsed="0.012860"/>
</kw>
<status status="PASS" start="2026-04-14T12:51:47.154561" elapsed="2.182488"/>
</kw>
<kw name="Enter Credentials" owner="keywords">
<kw name="Fill Text" owner="Browser">
<msg time="2026-04-14T12:51:49.337049" level="INFO">Fills the text 'Tester' in the given field.</msg>
<arg>${USERNAME_FIELD}</arg>
<arg>${user}</arg>
<tag>PageContent</tag>
<tag>Setter</tag>
<doc>Clears and fills the given ``txt`` into the text field found by ``selector``.</doc>
<status status="PASS" start="2026-04-14T12:51:49.337049" elapsed="2.029981"/>
</kw>
<kw name="Click" owner="Browser">
<msg time="2026-04-14T12:51:51.367030" level="INFO">Clicks the element 'id=loginPasswordInput'.</msg>
<arg>${PASSWORD_FIELD}</arg>
<tag>PageContent</tag>
<tag>Setter</tag>
<doc>Simulates mouse click on the element found by ``selector``.</doc>
<status status="PASS" start="2026-04-14T12:51:51.367030" elapsed="2.033854"/>
</kw>
<kw name="Fill Text" owner="Browser">
<msg time="2026-04-14T12:51:53.400884" level="INFO">Fills the text 'Matrox1234!' in the given field.</msg>
<arg>${PASSWORD_FIELD}</arg>
<arg>${pass}</arg>
<tag>PageContent</tag>
<tag>Setter</tag>
<doc>Clears and fills the given ``txt`` into the text field found by ``selector``.</doc>
<status status="PASS" start="2026-04-14T12:51:53.400884" elapsed="2.017625"/>
</kw>
<kw name="Sleep" owner="BuiltIn">
<msg time="2026-04-14T12:51:56.418613" level="INFO">Slept 1 second.</msg>
<arg>1s</arg>
<doc>Pauses the test executed for the given time.</doc>
<status status="PASS" start="2026-04-14T12:51:55.418509" elapsed="1.000104"/>
</kw>
<arg>${USERNAME}</arg>
<arg>${PASSWORD}</arg>
<status status="PASS" start="2026-04-14T12:51:49.337049" elapsed="7.081564"/>
</kw>
<kw name="Highlight Element" owner="keywords">
<kw name="Wait For Elements State" owner="Browser">
<msg time="2026-04-14T12:51:56.421640" level="INFO">Waited for Element with selector css=.mtx-eye-off at state visible</msg>
<arg>${selector}</arg>
<arg>visible</arg>
<arg>timeout=15s</arg>
<tag>PageContent</tag>
<tag>Wait</tag>
<doc>Waits for the element found by ``selector`` to satisfy state option.</doc>
<status status="PASS" start="2026-04-14T12:51:56.418613" elapsed="0.003027"/>
</kw>
<kw name="Evaluate JavaScript" owner="Browser">
<msg time="2026-04-14T12:51:56.448891" level="INFO">JavaScript executed successfully.</msg>
<arg>${selector}</arg>
<arg>(element) =&gt; { element.style.border = '3px solid red'; element.style.backgroundColor = 'rgba(255, 255, 0, 0.3)'; element.style.transition = 'all 0.3s'; }</arg>
<tag>Getter</tag>
<tag>PageContent</tag>
<tag>Setter</tag>
<doc>Executes given javascript on the selected element(s) or on page.</doc>
<status status="PASS" start="2026-04-14T12:51:56.421640" elapsed="0.027251"/>
</kw>
<kw name="Sleep" owner="BuiltIn">
<msg time="2026-04-14T12:51:56.950098" level="INFO">Slept 500 milliseconds.</msg>
<arg>0.5s</arg>
<doc>Pauses the test executed for the given time.</doc>
<status status="PASS" start="2026-04-14T12:51:56.448891" elapsed="0.501207"/>
</kw>
<kw name="Evaluate JavaScript" owner="Browser">
<msg time="2026-04-14T12:51:56.959624" level="INFO">JavaScript executed successfully.</msg>
<arg>${selector}</arg>
<arg>(element) =&gt; { element.style.border = ''; element.style.backgroundColor = ''; }</arg>
<tag>Getter</tag>
<tag>PageContent</tag>
<tag>Setter</tag>
<doc>Executes given javascript on the selected element(s) or on page.</doc>
<status status="PASS" start="2026-04-14T12:51:56.950098" elapsed="0.009526"/>
</kw>
<arg>${EYE_BUTTON}</arg>
<status status="PASS" start="2026-04-14T12:51:56.418613" elapsed="0.541011"/>
</kw>
<kw name="Click" owner="Browser">
<msg time="2026-04-14T12:51:56.959624" level="INFO">Clicks the element 'css=.mtx-eye-off'.</msg>
<arg>${EYE_BUTTON}</arg>
<tag>PageContent</tag>
<tag>Setter</tag>
<doc>Simulates mouse click on the element found by ``selector``.</doc>
<status status="PASS" start="2026-04-14T12:51:56.959624" elapsed="2.041464"/>
</kw>
<kw name="Sleep" owner="BuiltIn">
<msg time="2026-04-14T12:52:00.001371" level="INFO">Slept 1 second.</msg>
<arg>1s</arg>
<doc>Pauses the test executed for the given time.</doc>
<status status="PASS" start="2026-04-14T12:51:59.001088" elapsed="1.000283"/>
</kw>
<kw name="Highlight Element" owner="keywords">
<kw name="Wait For Elements State" owner="Browser">
<msg time="2026-04-14T12:52:00.007001" level="INFO">Waited for Element with selector id=loginButton at state visible</msg>
<arg>${selector}</arg>
<arg>visible</arg>
<arg>timeout=15s</arg>
<tag>PageContent</tag>
<tag>Wait</tag>
<doc>Waits for the element found by ``selector`` to satisfy state option.</doc>
<status status="PASS" start="2026-04-14T12:52:00.001371" elapsed="0.005630"/>
</kw>
<kw name="Evaluate JavaScript" owner="Browser">
<msg time="2026-04-14T12:52:00.017004" level="INFO">JavaScript executed successfully.</msg>
<arg>${selector}</arg>
<arg>(element) =&gt; { element.style.border = '3px solid red'; element.style.backgroundColor = 'rgba(255, 255, 0, 0.3)'; element.style.transition = 'all 0.3s'; }</arg>
<tag>Getter</tag>
<tag>PageContent</tag>
<tag>Setter</tag>
<doc>Executes given javascript on the selected element(s) or on page.</doc>
<status status="PASS" start="2026-04-14T12:52:00.007001" elapsed="0.010361"/>
</kw>
<kw name="Sleep" owner="BuiltIn">
<msg time="2026-04-14T12:52:00.517709" level="INFO">Slept 500 milliseconds.</msg>
<arg>0.5s</arg>
<doc>Pauses the test executed for the given time.</doc>
<status status="PASS" start="2026-04-14T12:52:00.017362" elapsed="0.500347"/>
</kw>
<kw name="Evaluate JavaScript" owner="Browser">
<msg time="2026-04-14T12:52:00.526227" level="INFO">JavaScript executed successfully.</msg>
<arg>${selector}</arg>
<arg>(element) =&gt; { element.style.border = ''; element.style.backgroundColor = ''; }</arg>
<tag>Getter</tag>
<tag>PageContent</tag>
<tag>Setter</tag>
<doc>Executes given javascript on the selected element(s) or on page.</doc>
<status status="PASS" start="2026-04-14T12:52:00.517709" elapsed="0.008518"/>
</kw>
<arg>${LOGIN_BUTTON}</arg>
<status status="PASS" start="2026-04-14T12:52:00.001371" elapsed="0.524856"/>
</kw>
<kw name="Click" owner="Browser">
<msg time="2026-04-14T12:52:00.526227" level="INFO">Clicks the element 'id=loginButton'.</msg>
<arg>${LOGIN_BUTTON}</arg>
<tag>PageContent</tag>
<tag>Setter</tag>
<doc>Simulates mouse click on the element found by ``selector``.</doc>
<status status="PASS" start="2026-04-14T12:52:00.526227" elapsed="2.042500"/>
</kw>
<kw name="Wait For Elements State" owner="Browser">
<msg time="2026-04-14T12:52:02.936727" level="INFO">Waited for Element with selector id=headerDropdownButton at state visible</msg>
<arg>${DASHBOARD_HEADER}</arg>
<arg>visible</arg>
<arg>timeout=10s</arg>
<tag>PageContent</tag>
<tag>Wait</tag>
<doc>Waits for the element found by ``selector`` to satisfy state option.</doc>
<status status="PASS" start="2026-04-14T12:52:02.568727" elapsed="0.369065"/>
</kw>
<kw name="Open Sources Pane" owner="keywords">
<kw name="Evaluate JavaScript" owner="Browser">
<msg time="2026-04-14T12:52:02.983213" level="INFO">JavaScript executed successfully.</msg>
<arg>css=div.folder-image &gt;&gt; nth=0</arg>
<arg>(elem) =&gt; { elem.dispatchEvent(new MouseEvent('dblclick', {bubbles: true})); }</arg>
<tag>Getter</tag>
<tag>PageContent</tag>
<tag>Setter</tag>
<doc>Executes given javascript on the selected element(s) or on page.</doc>
<status status="PASS" start="2026-04-14T12:52:02.938789" elapsed="0.044424"/>
</kw>
<kw name="Sleep" owner="BuiltIn">
<msg time="2026-04-14T12:52:04.983677" level="INFO">Slept 2 seconds.</msg>
<arg>2s</arg>
<doc>Pauses the test executed for the given time.</doc>
<status status="PASS" start="2026-04-14T12:52:02.983213" elapsed="2.000464"/>
</kw>
<kw name="Get Element Count" owner="Browser">
<msg time="2026-04-14T12:52:06.068415" level="INFO" html="true">&lt;/td&gt;&lt;/tr&gt;&lt;tr&gt;&lt;td colspan="3"&gt;&lt;a href="browser/screenshot/fail-screenshot-1.png" target="_blank"&gt;&lt;img src="browser/screenshot/fail-screenshot-1.png" width="800px"/&gt;&lt;/a&gt;</msg>
<msg time="2026-04-14T12:52:06.069424" level="INFO">See also file:///C:/Users/tester/robot-tests/results/loop_2/playwright-log.txt for additional details.</msg>
<msg time="2026-04-14T12:52:06.069424" level="FAIL">Element count for selector `css=mtx-thumbnail[id^=mtx-small]` is '0' (int) should be greater than '0' (int)</msg>
<arg>${SOURCE_CARDS}</arg>
<arg>assertion_operator=greater than</arg>
<arg>assertion_expected=0</arg>
<tag>Assertion</tag>
<tag>Getter</tag>
<tag>PageContent</tag>
<doc>Returns the count of elements found with ``selector``.</doc>
<status status="FAIL" start="2026-04-14T12:52:04.983677" elapsed="1.088745">Element count for selector `css=mtx-thumbnail[id^=mtx-small]` is '0' (int) should be greater than '0' (int)</status>
</kw>
<status status="FAIL" start="2026-04-14T12:52:02.937792" elapsed="3.134630">Element count for selector `css=mtx-thumbnail[id^=mtx-small]` is '0' (int) should be greater than '0' (int)</status>
</kw>
<kw name="Get Elements" owner="Browser">
<var>${sources}</var>
<arg>${SOURCE_CARDS}</arg>
<tag>Getter</tag>
<tag>PageContent</tag>
<doc>Returns a reference to Playwright [https://playwright.dev/docs/api/class-locator|Locator]
for all matched elements by ``selector``.</doc>
<status status="NOT RUN" start="2026-04-14T12:52:06.073420" elapsed="0.000000"/>
</kw>
<kw name="Log" owner="BuiltIn">
<arg>Found ${sources.__len__()} sources</arg>
<doc>Logs the given message with the given level.</doc>
<status status="NOT RUN" start="2026-04-14T12:52:06.073420" elapsed="0.000000"/>
</kw>
<for flavor="IN">
<iter>
<kw name="Get Attribute" owner="Browser">
<var>${id}</var>
<arg>${source}</arg>
<arg>id</arg>
<tag>Assertion</tag>
<tag>Getter</tag>
<tag>PageContent</tag>
<doc>Returns the HTML ``attribute`` of the element found by ``selector``.</doc>
<status status="NOT RUN" start="2026-04-14T12:52:06.074421" elapsed="0.000000"/>
</kw>
<kw name="Log" owner="BuiltIn">
<arg>Processing source: ${id}</arg>
<doc>Logs the given message with the given level.</doc>
<status status="NOT RUN" start="2026-04-14T12:52:06.074421" elapsed="0.000000"/>
</kw>
<kw name="Connect Disconnect Source" owner="keywords">
<arg>${source}</arg>
<arg>${id}</arg>
<status status="NOT RUN" start="2026-04-14T12:52:06.075420" elapsed="0.000000"/>
</kw>
<var name="${source}"/>
<status status="NOT RUN" start="2026-04-14T12:52:06.074421" elapsed="0.000999"/>
</iter>
<var>${source}</var>
<value>@{sources}</value>
<status status="NOT RUN" start="2026-04-14T12:52:06.073420" elapsed="0.002000"/>
</for>
<kw name="Logout" owner="keywords">
<status status="NOT RUN" start="2026-04-14T12:52:06.075420" elapsed="0.000000"/>
</kw>
<kw name="Take Screenshot On Failure" owner="keywords" type="TEARDOWN">
<kw name="Run Keyword If Test Failed" owner="BuiltIn">
<kw name="Take Screenshot" owner="Browser">
<msg time="2026-04-14T12:52:06.167171" level="INFO" html="true">&lt;/td&gt;&lt;/tr&gt;&lt;tr&gt;&lt;td colspan="3"&gt;&lt;a href="browser/screenshot/failure_1.png" target="_blank"&gt;&lt;img src="browser/screenshot/failure_1.png" width="800px"/&gt;&lt;/a&gt;</msg>
<arg>filename=failure_{index}</arg>
<tag>PageContent</tag>
<doc>Takes a screenshot of the current window or element and saves it to disk.</doc>
<status status="PASS" start="2026-04-14T12:52:06.076424" elapsed="0.090747"/>
</kw>
<arg>Take Screenshot</arg>
<arg>filename=failure_{index}</arg>
<doc>Runs the given keyword with the given arguments, if the test failed.</doc>
<status status="PASS" start="2026-04-14T12:52:06.076424" elapsed="0.090747"/>
</kw>
<status status="PASS" start="2026-04-14T12:52:06.075420" elapsed="0.091751"/>
</kw>
<doc>Login, open sources pane, dynamically find all TX cards, connect each for 5 seconds then disconnect</doc>
<status status="FAIL" start="2026-04-14T12:51:47.137355" elapsed="19.029816">Element count for selector `css=mtx-thumbnail[id^=mtx-small]` is '0' (int) should be greater than '0' (int)</status>
</test>
<kw name="Close Browser" owner="Browser" type="TEARDOWN">
<msg time="2026-04-14T12:52:06.322994" level="INFO">Closed browser</msg>
<tag>BrowserControl</tag>
<tag>Setter</tag>
<doc>Closes the current browser.</doc>
<status status="PASS" start="2026-04-14T12:52:06.173431" elapsed="0.149563"/>
</kw>
<status status="FAIL" start="2026-04-14T12:51:43.377057" elapsed="22.945937"/>
</suite>
<statistics>
<total>
<stat pass="0" fail="1" skip="0">All Tests</stat>
</total>
<tag>
</tag>
<suite>
<stat name="Connect-Disconnect" id="s1" pass="0" fail="1" skip="0">Connect-Disconnect</stat>
</suite>
</statistics>
<errors>
</errors>
</robot>
